1586332122512	mozrunner::runner	INFO	Running command: "/usr/bin/firefox" "-marionette" "-headless" "-foreground" "-no-remote" "-profile" "/tmp/rust_mozprofile.NNUCBaG33nPz"
*** You are running in headless mode.
1586332123083	addons.webextension.screenshots@mozilla.org	WARN	Loading extension 'screenshots@mozilla.org': Reading manifest: Invalid extension permission: mozillaAddons
1586332123083	addons.webextension.screenshots@mozilla.org	WARN	Loading extension 'screenshots@mozilla.org': Reading manifest: Invalid extension permission: telemetry
1586332123083	addons.webextension.screenshots@mozilla.org	WARN	Loading extension 'screenshots@mozilla.org': Reading manifest: Invalid extension permission: resource://pdf.js/
1586332123083	addons.webextension.screenshots@mozilla.org	WARN	Loading extension 'screenshots@mozilla.org': Reading manifest: Invalid extension permission: about:reader*
JavaScript error: undefined, line 14: Error: An unexpected error occurred
JavaScript error: moz-extension://3e8f76c0-bd89-4a79-a6d3-2172057dc36d/lib/picture_in_picture_overrides.js, line 15: Error: Incorrect argument types for pictureInPictureParent.setOverrides.
JavaScript error: resource:///modules/sessionstore/SessionStore.jsm, line 1325: uncaught exception: 2147746065
1586332124328	Marionette	INFO	Listening on port 42349
1586332124417	Marionette	WARN	TLS certificate errors will be ignored for this session
JavaScript error: http://topcons.cbr.su.se/, line 263: TypeError: document.getElementById(...) is null
JavaScript error: http://topcons.cbr.su.se/pred/, line 81: SyntaxError: '#' not followed by identifier
JavaScript error: http://topcons.cbr.su.se/pred/result/rst_pDE7wF/, line 81: SyntaxError: '#' not followed by identifier
JavaScript error: http://topcons.cbr.su.se/pred/result/rst_pDE7wF/, line 81: SyntaxError: '#' not followed by identifier
JavaScript error: http://topcons.cbr.su.se/pred/result/rst_pDE7wF/, line 81: SyntaxError: '#' not followed by identifier
JavaScript error: http://topcons.cbr.su.se/pred/result/rst_pDE7wF/, line 79: SyntaxError: '#' not followed by identifier
1586360302830	mozrunner::runner	INFO	Running command: "/usr/bin/firefox" "-marionette" "-headless" "-foreground" "-no-remote" "-profile" "/tmp/rust_mozprofile.oXCUhEeI9K2f"
*** You are running in headless mode.
1586360303154	addons.webextension.screenshots@mozilla.org	WARN	Loading extension 'screenshots@mozilla.org': Reading manifest: Invalid extension permission: mozillaAddons
1586360303155	addons.webextension.screenshots@mozilla.org	WARN	Loading extension 'screenshots@mozilla.org': Reading manifest: Invalid extension permission: telemetry
1586360303155	addons.webextension.screenshots@mozilla.org	WARN	Loading extension 'screenshots@mozilla.org': Reading manifest: Invalid extension permission: resource://pdf.js/
1586360303155	addons.webextension.screenshots@mozilla.org	WARN	Loading extension 'screenshots@mozilla.org': Reading manifest: Invalid extension permission: about:reader*
JavaScript error: undefined, line 14: Error: An unexpected error occurred
JavaScript error: moz-extension://a346763d-1c19-49c0-ad1e-8f2b4af85f0f/lib/picture_in_picture_overrides.js, line 15: Error: Incorrect argument types for pictureInPictureParent.setOverrides.
JavaScript error: resource:///modules/sessionstore/SessionStore.jsm, line 1325: uncaught exception: 2147746065
1586360304291	Marionette	INFO	Listening on port 44761
1586360304335	Marionette	WARN	TLS certificate errors will be ignored for this session
JavaScript error: http://topcons.cbr.su.se/, line 263: TypeError: document.getElementById(...) is null
JavaScript error: http://topcons.cbr.su.se/, line 263: TypeError: document.getElementById(...) is null
JavaScript error: http://topcons.cbr.su.se/, line 263: TypeError: document.getElementById(...) is null
1586361198140	mozrunner::runner	INFO	Running command: "/usr/bin/firefox" "-marionette" "-headless" "-foreground" "-no-remote" "-profile" "/tmp/rust_mozprofile.InvIjZHtw6Mr"
*** You are running in headless mode.
1586361198470	addons.webextension.screenshots@mozilla.org	WARN	Loading extension 'screenshots@mozilla.org': Reading manifest: Invalid extension permission: mozillaAddons
1586361198470	addons.webextension.screenshots@mozilla.org	WARN	Loading extension 'screenshots@mozilla.org': Reading manifest: Invalid extension permission: telemetry
1586361198470	addons.webextension.screenshots@mozilla.org	WARN	Loading extension 'screenshots@mozilla.org': Reading manifest: Invalid extension permission: resource://pdf.js/
1586361198470	addons.webextension.screenshots@mozilla.org	WARN	Loading extension 'screenshots@mozilla.org': Reading manifest: Invalid extension permission: about:reader*
JavaScript error: undefined, line 14: Error: An unexpected error occurred
JavaScript error: moz-extension://a0efafe1-f344-4f16-8ae2-beef79b247d2/lib/picture_in_picture_overrides.js, line 15: Error: Incorrect argument types for pictureInPictureParent.setOverrides.
JavaScript error: resource:///modules/sessionstore/SessionStore.jsm, line 1325: uncaught exception: 2147746065
1586361199651	Marionette	INFO	Listening on port 42163
1586361199745	Marionette	WARN	TLS certificate errors will be ignored for this session
JavaScript error: http://topcons.cbr.su.se/, line 263: TypeError: document.getElementById(...) is null
JavaScript error: http://topcons.cbr.su.se/, line 263: TypeError: document.getElementById(...) is null
JavaScript error: http://topcons.cbr.su.se/, line 263: TypeError: document.getElementById(...) is null
JavaScript error: http://topcons.cbr.su.se/, line 263: TypeError: document.getElementById(...) is null
JavaScript error: http://topcons.cbr.su.se/, line 263: TypeError: document.getElementById(...) is null
JavaScript error: http://topcons.cbr.su.se/, line 263: TypeError: document.getElementById(...) is null
JavaScript error: http://topcons.cbr.su.se/pred/, line 81: SyntaxError: '#' not followed by identifier
JavaScript error: http://topcons.cbr.su.se/pred/result/rst_30fpn1/, line 81: SyntaxError: '#' not followed by identifier
JavaScript error: http://topcons.cbr.su.se/pred/result/rst_30fpn1/, line 81: SyntaxError: '#' not followed by identifier
JavaScript error: http://topcons.cbr.su.se/pred/result/rst_30fpn1/, line 81: SyntaxError: '#' not followed by identifier
JavaScript error: http://topcons.cbr.su.se/pred/result/rst_30fpn1/, line 79: SyntaxError: '#' not followed by identifier
1586388419517	mozrunner::runner	INFO	Running command: "/usr/bin/firefox" "-marionette" "-headless" "-foreground" "-no-remote" "-profile" "/tmp/rust_mozprofile.wAUmptzX23w1"
*** You are running in headless mode.
1586388419838	addons.webextension.screenshots@mozilla.org	WARN	Loading extension 'screenshots@mozilla.org': Reading manifest: Invalid extension permission: mozillaAddons
1586388419838	addons.webextension.screenshots@mozilla.org	WARN	Loading extension 'screenshots@mozilla.org': Reading manifest: Invalid extension permission: telemetry
1586388419838	addons.webextension.screenshots@mozilla.org	WARN	Loading extension 'screenshots@mozilla.org': Reading manifest: Invalid extension permission: resource://pdf.js/
1586388419838	addons.webextension.screenshots@mozilla.org	WARN	Loading extension 'screenshots@mozilla.org': Reading manifest: Invalid extension permission: about:reader*
JavaScript error: undefined, line 14: Error: An unexpected error occurred
JavaScript error: moz-extension://a60ef544-dc9a-4bf5-98fd-a132d896446c/lib/picture_in_picture_overrides.js, line 15: Error: Incorrect argument types for pictureInPictureParent.setOverrides.
JavaScript error: resource:///modules/sessionstore/SessionStore.jsm, line 1325: uncaught exception: 2147746065
1586388420975	Marionette	INFO	Listening on port 33851
1586388421022	Marionette	WARN	TLS certificate errors will be ignored for this session
JavaScript error: http://topcons.cbr.su.se/, line 263: TypeError: document.getElementById(...) is null
JavaScript error: http://topcons.cbr.su.se/pred/, line 81: SyntaxError: '#' not followed by identifier
JavaScript error: http://topcons.cbr.su.se/pred/result/rst_j9DKdk/, line 81: SyntaxError: '#' not followed by identifier
JavaScript error: http://topcons.cbr.su.se/pred/result/rst_j9DKdk/, line 81: SyntaxError: '#' not followed by identifier
JavaScript error: http://topcons.cbr.su.se/pred/result/rst_j9DKdk/, line 79: SyntaxError: '#' not followed by identifier
1586388812679	mozrunner::runner	INFO	Running command: "/usr/bin/firefox" "-marionette" "-headless" "-foreground" "-no-remote" "-profile" "/tmp/rust_mozprofile.qi024DhHz4mS"
*** You are running in headless mode.
1586388812996	addons.webextension.screenshots@mozilla.org	WARN	Loading extension 'screenshots@mozilla.org': Reading manifest: Invalid extension permission: mozillaAddons
1586388812996	addons.webextension.screenshots@mozilla.org	WARN	Loading extension 'screenshots@mozilla.org': Reading manifest: Invalid extension permission: telemetry
1586388812996	addons.webextension.screenshots@mozilla.org	WARN	Loading extension 'screenshots@mozilla.org': Reading manifest: Invalid extension permission: resource://pdf.js/
1586388812996	addons.webextension.screenshots@mozilla.org	WARN	Loading extension 'screenshots@mozilla.org': Reading manifest: Invalid extension permission: about:reader*
JavaScript error: undefined, line 14: Error: An unexpected error occurred
JavaScript error: moz-extension://26a50495-d399-4b8f-af19-ef0ac2ac75ed/lib/picture_in_picture_overrides.js, line 15: Error: Incorrect argument types for pictureInPictureParent.setOverrides.
JavaScript error: resource:///modules/sessionstore/SessionStore.jsm, line 1325: uncaught exception: 2147746065
1586388814162	Marionette	INFO	Listening on port 33409
1586388814183	Marionette	WARN	TLS certificate errors will be ignored for this session
JavaScript error: http://topcons.cbr.su.se/, line 263: TypeError: document.getElementById(...) is null
JavaScript error: http://topcons.cbr.su.se/pred/, line 81: SyntaxError: '#' not followed by identifier
JavaScript error: http://topcons.cbr.su.se/pred/result/rst_NyqElA/, line 81: SyntaxError: '#' not followed by identifier
JavaScript error: http://topcons.cbr.su.se/pred/result/rst_NyqElA/, line 81: SyntaxError: '#' not followed by identifier
JavaScript error: http://topcons.cbr.su.se/pred/result/rst_NyqElA/, line 81: SyntaxError: '#' not followed by identifier
JavaScript error: http://topcons.cbr.su.se/pred/result/rst_NyqElA/, line 79: SyntaxError: '#' not followed by identifier
1586389619524	mozrunner::runner	INFO	Running command: "/usr/bin/firefox" "-marionette" "-headless" "-foreground" "-no-remote" "-profile" "/tmp/rust_mozprofile.PvXZFpwCc2VB"
*** You are running in headless mode.
1586389619850	addons.webextension.screenshots@mozilla.org	WARN	Loading extension 'screenshots@mozilla.org': Reading manifest: Invalid extension permission: mozillaAddons
1586389619850	addons.webextension.screenshots@mozilla.org	WARN	Loading extension 'screenshots@mozilla.org': Reading manifest: Invalid extension permission: telemetry
1586389619850	addons.webextension.screenshots@mozilla.org	WARN	Loading extension 'screenshots@mozilla.org': Reading manifest: Invalid extension permission: resource://pdf.js/
1586389619850	addons.webextension.screenshots@mozilla.org	WARN	Loading extension 'screenshots@mozilla.org': Reading manifest: Invalid extension permission: about:reader*
JavaScript error: undefined, line 14: Error: An unexpected error occurred
JavaScript error: moz-extension://7d550029-3550-40b4-861c-c5021c4d6962/lib/picture_in_picture_overrides.js, line 15: Error: Incorrect argument types for pictureInPictureParent.setOverrides.
JavaScript error: resource:///modules/sessionstore/SessionStore.jsm, line 1325: uncaught exception: 2147746065
1586389620986	Marionette	INFO	Listening on port 41965
1586389621040	Marionette	WARN	TLS certificate errors will be ignored for this session
JavaScript error: http://topcons.cbr.su.se/, line 263: TypeError: document.getElementById(...) is null
JavaScript error: http://topcons.cbr.su.se/pred/, line 81: SyntaxError: '#' not followed by identifier
JavaScript error: http://topcons.cbr.su.se/pred/result/rst_U867RK/, line 81: SyntaxError: '#' not followed by identifier
JavaScript error: http://topcons.cbr.su.se/pred/result/rst_U867RK/, line 81: SyntaxError: '#' not followed by identifier
JavaScript error: http://topcons.cbr.su.se/pred/result/rst_U867RK/, line 79: SyntaxError: '#' not followed by identifier
1586389893157	mozrunner::runner	INFO	Running command: "/usr/bin/firefox" "-marionette" "-headless" "-foreground" "-no-remote" "-profile" "/tmp/rust_mozprofile.jrFfiJTX1CCv"
*** You are running in headless mode.
1586389893477	addons.webextension.screenshots@mozilla.org	WARN	Loading extension 'screenshots@mozilla.org': Reading manifest: Invalid extension permission: mozillaAddons
1586389893478	addons.webextension.screenshots@mozilla.org	WARN	Loading extension 'screenshots@mozilla.org': Reading manifest: Invalid extension permission: telemetry
1586389893478	addons.webextension.screenshots@mozilla.org	WARN	Loading extension 'screenshots@mozilla.org': Reading manifest: Invalid extension permission: resource://pdf.js/
1586389893478	addons.webextension.screenshots@mozilla.org	WARN	Loading extension 'screenshots@mozilla.org': Reading manifest: Invalid extension permission: about:reader*
JavaScript error: undefined, line 14: Error: An unexpected error occurred
JavaScript error: moz-extension://0f049e32-0b69-4b9f-bb5a-c1eae8699f81/lib/picture_in_picture_overrides.js, line 15: Error: Incorrect argument types for pictureInPictureParent.setOverrides.
JavaScript error: resource:///modules/sessionstore/SessionStore.jsm, line 1325: uncaught exception: 2147746065
1586389894625	Marionette	INFO	Listening on port 45421
1586389894662	Marionette	WARN	TLS certificate errors will be ignored for this session
JavaScript error: http://topcons.cbr.su.se/, line 263: TypeError: document.getElementById(...) is null
JavaScript error: http://topcons.cbr.su.se/, line 263: TypeError: document.getElementById(...) is null
JavaScript error: http://topcons.cbr.su.se/, line 263: TypeError: document.getElementById(...) is null
JavaScript error: http://topcons.cbr.su.se/, line 263: TypeError: document.getElementById(...) is null
JavaScript error: http://topcons.cbr.su.se/, line 263: TypeError: document.getElementById(...) is null
JavaScript error: http://topcons.cbr.su.se/, line 263: TypeError: document.getElementById(...) is null
JavaScript error: http://topcons.cbr.su.se/, line 263: TypeError: document.getElementById(...) is null
JavaScript error: http://topcons.cbr.su.se/, line 263: TypeError: document.getElementById(...) is null
JavaScript error: http://topcons.cbr.su.se/, line 263: TypeError: document.getElementById(...) is null
JavaScript error: http://topcons.cbr.su.se/, line 263: TypeError: document.getElementById(...) is null
JavaScript error: http://topcons.cbr.su.se/, line 263: TypeError: document.getElementById(...) is null
JavaScript error: http://topcons.cbr.su.se/, line 263: TypeError: document.getElementById(...) is null
JavaScript error: http://topcons.cbr.su.se/, line 263: TypeError: document.getElementById(...) is null
JavaScript error: http://topcons.cbr.su.se/pred/, line 81: SyntaxError: '#' not followed by identifier
JavaScript error: http://topcons.cbr.su.se/pred/result/rst_XVEr65/, line 81: SyntaxError: '#' not followed by identifier
JavaScript error: http://topcons.cbr.su.se/pred/result/rst_XVEr65/, line 79: SyntaxError: '#' not followed by identifier
1586390321213	mozrunner::runner	INFO	Running command: "/usr/bin/firefox" "-marionette" "-headless" "-foreground" "-no-remote" "-profile" "/tmp/rust_mozprofile.8OENFdsZAXOq"
*** You are running in headless mode.
1586390321549	addons.webextension.screenshots@mozilla.org	WARN	Loading extension 'screenshots@mozilla.org': Reading manifest: Invalid extension permission: mozillaAddons
1586390321549	addons.webextension.screenshots@mozilla.org	WARN	Loading extension 'screenshots@mozilla.org': Reading manifest: Invalid extension permission: telemetry
1586390321549	addons.webextension.screenshots@mozilla.org	WARN	Loading extension 'screenshots@mozilla.org': Reading manifest: Invalid extension permission: resource://pdf.js/
1586390321549	addons.webextension.screenshots@mozilla.org	WARN	Loading extension 'screenshots@mozilla.org': Reading manifest: Invalid extension permission: about:reader*
JavaScript error: undefined, line 14: Error: An unexpected error occurred
JavaScript error: moz-extension://2e086e9c-107a-4edf-a93a-af62febaad2f/lib/picture_in_picture_overrides.js, line 15: Error: Incorrect argument types for pictureInPictureParent.setOverrides.
JavaScript error: resource:///modules/sessionstore/SessionStore.jsm, line 1325: uncaught exception: 2147746065
1586390322642	Marionette	INFO	Listening on port 39809
1586390322739	Marionette	WARN	TLS certificate errors will be ignored for this session
JavaScript error: http://topcons.cbr.su.se/, line 263: TypeError: document.getElementById(...) is null
JavaScript error: http://topcons.cbr.su.se/pred/, line 81: SyntaxError: '#' not followed by identifier
JavaScript error: http://topcons.cbr.su.se/pred/result/rst_4VirgY/, line 81: SyntaxError: '#' not followed by identifier
JavaScript error: http://topcons.cbr.su.se/pred/result/rst_4VirgY/, line 81: SyntaxError: '#' not followed by identifier
JavaScript error: http://topcons.cbr.su.se/pred/result/rst_4VirgY/, line 79: SyntaxError: '#' not followed by identifier
1586391192696	mozrunner::runner	INFO	Running command: "/usr/bin/firefox" "-marionette" "-headless" "-foreground" "-no-remote" "-profile" "/tmp/rust_mozprofile.D3c2nnMJnvHU"
*** You are running in headless mode.
1586391193011	addons.webextension.screenshots@mozilla.org	WARN	Loading extension 'screenshots@mozilla.org': Reading manifest: Invalid extension permission: mozillaAddons
1586391193011	addons.webextension.screenshots@mozilla.org	WARN	Loading extension 'screenshots@mozilla.org': Reading manifest: Invalid extension permission: telemetry
1586391193011	addons.webextension.screenshots@mozilla.org	WARN	Loading extension 'screenshots@mozilla.org': Reading manifest: Invalid extension permission: resource://pdf.js/
1586391193011	addons.webextension.screenshots@mozilla.org	WARN	Loading extension 'screenshots@mozilla.org': Reading manifest: Invalid extension permission: about:reader*
JavaScript error: undefined, line 14: Error: An unexpected error occurred
JavaScript error: moz-extension://c7eca409-0fd1-4fa6-94bb-b6e303a872af/lib/picture_in_picture_overrides.js, line 15: Error: Incorrect argument types for pictureInPictureParent.setOverrides.
JavaScript error: resource:///modules/sessionstore/SessionStore.jsm, line 1325: uncaught exception: 2147746065
1586391194154	Marionette	INFO	Listening on port 41631
1586391194200	Marionette	WARN	TLS certificate errors will be ignored for this session
JavaScript error: http://topcons.cbr.su.se/, line 263: TypeError: document.getElementById(...) is null
JavaScript error: http://topcons.cbr.su.se/pred/, line 81: SyntaxError: '#' not followed by identifier
JavaScript error: http://topcons.cbr.su.se/pred/result/rst_LjBH1r/, line 81: SyntaxError: '#' not followed by identifier
JavaScript error: http://topcons.cbr.su.se/pred/result/rst_LjBH1r/, line 81: SyntaxError: '#' not followed by identifier
JavaScript error: http://topcons.cbr.su.se/pred/result/rst_LjBH1r/, line 79: SyntaxError: '#' not followed by identifier
1586675100182	mozrunner::runner	INFO	Running command: "/usr/bin/firefox" "-marionette" "-headless" "-foreground" "-no-remote" "-profile" "/tmp/rust_mozprofile.CsVjU9oiMHG1"
*** You are running in headless mode.
1586675100806	addons.webextension.screenshots@mozilla.org	WARN	Loading extension 'screenshots@mozilla.org': Reading manifest: Invalid extension permission: mozillaAddons
1586675100806	addons.webextension.screenshots@mozilla.org	WARN	Loading extension 'screenshots@mozilla.org': Reading manifest: Invalid extension permission: telemetry
1586675100806	addons.webextension.screenshots@mozilla.org	WARN	Loading extension 'screenshots@mozilla.org': Reading manifest: Invalid extension permission: resource://pdf.js/
1586675100806	addons.webextension.screenshots@mozilla.org	WARN	Loading extension 'screenshots@mozilla.org': Reading manifest: Invalid extension permission: about:reader*
JavaScript error: undefined, line 14: Error: An unexpected error occurred
JavaScript error: moz-extension://69655114-7d94-493d-a677-7d9aa70517bb/lib/picture_in_picture_overrides.js, line 15: Error: Incorrect argument types for pictureInPictureParent.setOverrides.
JavaScript error: resource:///modules/sessionstore/SessionStore.jsm, line 1325: uncaught exception: 2147746065
1586675102037	Marionette	INFO	Listening on port 35253
1586675102135	Marionette	WARN	TLS certificate errors will be ignored for this session
JavaScript error: http://topcons.cbr.su.se/, line 263: TypeError: document.getElementById(...) is null
JavaScript error: http://topcons.cbr.su.se/pred/, line 81: SyntaxError: '#' not followed by identifier
JavaScript error: http://topcons.cbr.su.se/pred/result/rst_4tdc8V/, line 81: SyntaxError: '#' not followed by identifier
JavaScript error: http://topcons.cbr.su.se/pred/result/rst_4tdc8V/, line 81: SyntaxError: '#' not followed by identifier
JavaScript error: http://topcons.cbr.su.se/pred/result/rst_4tdc8V/, line 81: SyntaxError: '#' not followed by identifier
JavaScript error: http://topcons.cbr.su.se/pred/result/rst_4tdc8V/, line 79: SyntaxError: '#' not followed by identifier
1586675220538	mozrunner::runner	INFO	Running command: "/usr/bin/firefox" "-marionette" "-headless" "-foreground" "-no-remote" "-profile" "/tmp/rust_mozprofile.d5AStNA6hsnD"
*** You are running in headless mode.
1586675220853	addons.webextension.screenshots@mozilla.org	WARN	Loading extension 'screenshots@mozilla.org': Reading manifest: Invalid extension permission: mozillaAddons
1586675220853	addons.webextension.screenshots@mozilla.org	WARN	Loading extension 'screenshots@mozilla.org': Reading manifest: Invalid extension permission: telemetry
1586675220853	addons.webextension.screenshots@mozilla.org	WARN	Loading extension 'screenshots@mozilla.org': Reading manifest: Invalid extension permission: resource://pdf.js/
1586675220853	addons.webextension.screenshots@mozilla.org	WARN	Loading extension 'screenshots@mozilla.org': Reading manifest: Invalid extension permission: about:reader*
JavaScript error: undefined, line 14: Error: An unexpected error occurred
JavaScript error: moz-extension://c6754a6b-357a-4957-9ec2-e3934b01ec85/lib/picture_in_picture_overrides.js, line 15: Error: Incorrect argument types for pictureInPictureParent.setOverrides.
JavaScript error: resource:///modules/sessionstore/SessionStore.jsm, line 1325: uncaught exception: 2147746065
1586675221911	Marionette	INFO	Listening on port 35639
1586675221943	Marionette	WARN	TLS certificate errors will be ignored for this session
JavaScript error: http://topcons.cbr.su.se/, line 263: TypeError: document.getElementById(...) is null
JavaScript error: http://topcons.cbr.su.se/, line 263: TypeError: document.getElementById(...) is null
JavaScript error: http://topcons.cbr.su.se/, line 263: TypeError: document.getElementById(...) is null
JavaScript error: http://topcons.cbr.su.se/, line 263: TypeError: document.getElementById(...) is null
JavaScript error: http://topcons.cbr.su.se/pred/, line 81: SyntaxError: '#' not followed by identifier
JavaScript error: http://topcons.cbr.su.se/pred/result/rst_SdjtV1/, line 81: SyntaxError: '#' not followed by identifier
JavaScript error: http://topcons.cbr.su.se/pred/result/rst_SdjtV1/, line 81: SyntaxError: '#' not followed by identifier
JavaScript error: http://topcons.cbr.su.se/pred/result/rst_SdjtV1/, line 79: SyntaxError: '#' not followed by identifier
1586675364684	mozrunner::runner	INFO	Running command: "/usr/bin/firefox" "-marionette" "-headless" "-foreground" "-no-remote" "-profile" "/tmp/rust_mozprofile.JREseBozmiYy"
*** You are running in headless mode.
1586675365002	addons.webextension.screenshots@mozilla.org	WARN	Loading extension 'screenshots@mozilla.org': Reading manifest: Invalid extension permission: mozillaAddons
1586675365002	addons.webextension.screenshots@mozilla.org	WARN	Loading extension 'screenshots@mozilla.org': Reading manifest: Invalid extension permission: telemetry
1586675365002	addons.webextension.screenshots@mozilla.org	WARN	Loading extension 'screenshots@mozilla.org': Reading manifest: Invalid extension permission: resource://pdf.js/
1586675365002	addons.webextension.screenshots@mozilla.org	WARN	Loading extension 'screenshots@mozilla.org': Reading manifest: Invalid extension permission: about:reader*
JavaScript error: undefined, line 14: Error: An unexpected error occurred
JavaScript error: moz-extension://56750ed8-7967-4d62-98e3-a5a21024a916/lib/picture_in_picture_overrides.js, line 15: Error: Incorrect argument types for pictureInPictureParent.setOverrides.
JavaScript error: resource:///modules/sessionstore/SessionStore.jsm, line 1325: uncaught exception: 2147746065
1586675366145	Marionette	INFO	Listening on port 40081
1586675366197	Marionette	WARN	TLS certificate errors will be ignored for this session
JavaScript error: http://topcons.cbr.su.se/, line 263: TypeError: document.getElementById(...) is null
JavaScript error: http://topcons.cbr.su.se/pred/, line 81: SyntaxError: '#' not followed by identifier
JavaScript error: http://topcons.cbr.su.se/pred/result/rst_BMNCP4/, line 81: SyntaxError: '#' not followed by identifier
JavaScript error: http://topcons.cbr.su.se/pred/result/rst_BMNCP4/, line 81: SyntaxError: '#' not followed by identifier
JavaScript error: http://topcons.cbr.su.se/pred/result/rst_BMNCP4/, line 81: SyntaxError: '#' not followed by identifier
JavaScript error: http://topcons.cbr.su.se/pred/result/rst_BMNCP4/, line 79: SyntaxError: '#' not followed by identifier
1586682282702	mozrunner::runner	INFO	Running command: "/usr/bin/firefox" "-marionette" "-headless" "-foreground" "-no-remote" "-profile" "/tmp/rust_mozprofile.cvLARrSWNhaD"
*** You are running in headless mode.
1586682283081	addons.webextension.screenshots@mozilla.org	WARN	Loading extension 'screenshots@mozilla.org': Reading manifest: Invalid extension permission: mozillaAddons
1586682283081	addons.webextension.screenshots@mozilla.org	WARN	Loading extension 'screenshots@mozilla.org': Reading manifest: Invalid extension permission: telemetry
1586682283081	addons.webextension.screenshots@mozilla.org	WARN	Loading extension 'screenshots@mozilla.org': Reading manifest: Invalid extension permission: resource://pdf.js/
1586682283082	addons.webextension.screenshots@mozilla.org	WARN	Loading extension 'screenshots@mozilla.org': Reading manifest: Invalid extension permission: about:reader*
JavaScript error: undefined, line 14: Error: An unexpected error occurred
JavaScript error: moz-extension://2017af1c-b72f-4628-a968-6ee9613c5646/lib/picture_in_picture_overrides.js, line 15: Error: Incorrect argument types for pictureInPictureParent.setOverrides.
JavaScript error: resource:///modules/sessionstore/SessionStore.jsm, line 1325: uncaught exception: 2147746065
1586682284211	Marionette	INFO	Listening on port 35889
1586682284306	Marionette	WARN	TLS certificate errors will be ignored for this session
JavaScript error: http://topcons.cbr.su.se/, line 263: TypeError: document.getElementById(...) is null
JavaScript error: http://topcons.cbr.su.se/, line 263: TypeError: document.getElementById(...) is null
JavaScript error: http://topcons.cbr.su.se/pred/, line 81: SyntaxError: '#' not followed by identifier
JavaScript error: http://topcons.cbr.su.se/pred/result/rst_Ab25Jm/, line 81: SyntaxError: '#' not followed by identifier
JavaScript error: http://topcons.cbr.su.se/pred/result/rst_Ab25Jm/, line 79: SyntaxError: '#' not followed by identifier
[Parent 1750, Gecko_IOThread] WARNING: pipe error (102): Connection reset by peer: file /build/firefox-esr-MzCYU7/firefox-esr-68.6.0esr/ipc/chromium/src/chrome/common/ipc_channel_posix.cc, line 358

###!!! [Parent][MessageChannel] Error: (msgtype=0x1E0074,name=PBrowser::Msg_StopIMEStateManagement) Channel error: cannot send/recv


###!!! [Parent][MessageChannel] Error: (msgtype=0x1E008F,name=PBrowser::Msg_Destroy) Channel error: cannot send/recv

A content process crashed and MOZ_CRASHREPORTER_SHUTDOWN is set, shutting down
1586682297776	Marionette	INFO	Stopped listening on port 35889
1586682880749	mozrunner::runner	INFO	Running command: "/usr/bin/firefox" "-marionette" "-headless" "-foreground" "-no-remote" "-profile" "/tmp/rust_mozprofile.lYn5sWkgGyJx"
*** You are running in headless mode.
1586682881056	addons.webextension.screenshots@mozilla.org	WARN	Loading extension 'screenshots@mozilla.org': Reading manifest: Invalid extension permission: mozillaAddons
1586682881056	addons.webextension.screenshots@mozilla.org	WARN	Loading extension 'screenshots@mozilla.org': Reading manifest: Invalid extension permission: telemetry
1586682881056	addons.webextension.screenshots@mozilla.org	WARN	Loading extension 'screenshots@mozilla.org': Reading manifest: Invalid extension permission: resource://pdf.js/
1586682881057	addons.webextension.screenshots@mozilla.org	WARN	Loading extension 'screenshots@mozilla.org': Reading manifest: Invalid extension permission: about:reader*
JavaScript error: undefined, line 14: Error: An unexpected error occurred
JavaScript error: moz-extension://f23f7ef5-9d66-4340-8119-1dfae74051c7/lib/picture_in_picture_overrides.js, line 15: Error: Incorrect argument types for pictureInPictureParent.setOverrides.
JavaScript error: resource:///modules/sessionstore/SessionStore.jsm, line 1325: uncaught exception: 2147746065
1586682882185	Marionette	INFO	Listening on port 33785
1586682882253	Marionette	WARN	TLS certificate errors will be ignored for this session
JavaScript error: http://topcons.cbr.su.se/, line 263: TypeError: document.getElementById(...) is null
JavaScript error: http://topcons.cbr.su.se/pred/, line 81: SyntaxError: '#' not followed by identifier
JavaScript error: http://topcons.cbr.su.se/pred/result/rst_62dA6W/, line 81: SyntaxError: '#' not followed by identifier
JavaScript error: http://topcons.cbr.su.se/pred/result/rst_62dA6W/, line 81: SyntaxError: '#' not followed by identifier
JavaScript error: http://topcons.cbr.su.se/pred/result/rst_62dA6W/, line 81: SyntaxError: '#' not followed by identifier
JavaScript error: http://topcons.cbr.su.se/pred/result/rst_62dA6W/, line 79: SyntaxError: '#' not followed by identifier
1586881355380	mozrunner::runner	INFO	Running command: "/usr/bin/firefox" "-marionette" "-headless" "-foreground" "-no-remote" "-profile" "/tmp/rust_mozprofile.Ed1MruOv9wXT"
*** You are running in headless mode.
1586881356037	addons.webextension.screenshots@mozilla.org	WARN	Loading extension 'screenshots@mozilla.org': Reading manifest: Invalid extension permission: mozillaAddons
1586881356037	addons.webextension.screenshots@mozilla.org	WARN	Loading extension 'screenshots@mozilla.org': Reading manifest: Invalid extension permission: telemetry
1586881356037	addons.webextension.screenshots@mozilla.org	WARN	Loading extension 'screenshots@mozilla.org': Reading manifest: Invalid extension permission: resource://pdf.js/
1586881356037	addons.webextension.screenshots@mozilla.org	WARN	Loading extension 'screenshots@mozilla.org': Reading manifest: Invalid extension permission: about:reader*
JavaScript error: undefined, line 14: Error: An unexpected error occurred
JavaScript error: moz-extension://238037e2-87e2-45f9-8c42-fcd292d703de/lib/picture_in_picture_overrides.js, line 15: Error: Incorrect argument types for pictureInPictureParent.setOverrides.
JavaScript error: resource:///modules/sessionstore/SessionStore.jsm, line 1325: uncaught exception: 2147746065
1586881357356	Marionette	INFO	Listening on port 39629
1586881357454	Marionette	WARN	TLS certificate errors will be ignored for this session
JavaScript error: http://topcons.cbr.su.se/, line 263: TypeError: document.getElementById(...) is null
JavaScript error: http://topcons.cbr.su.se/pred/, line 81: SyntaxError: '#' not followed by identifier
JavaScript error: http://topcons.cbr.su.se/pred/result/rst_DkKB04/, line 81: SyntaxError: '#' not followed by identifier
JavaScript error: http://topcons.cbr.su.se/pred/result/rst_DkKB04/, line 81: SyntaxError: '#' not followed by identifier
JavaScript error: http://topcons.cbr.su.se/pred/result/rst_DkKB04/, line 79: SyntaxError: '#' not followed by identifier
1586881466542	mozrunner::runner	INFO	Running command: "/usr/bin/firefox" "-marionette" "-headless" "-foreground" "-no-remote" "-profile" "/tmp/rust_mozprofile.1vamsyRnzWvh"
*** You are running in headless mode.
1586881466852	addons.webextension.screenshots@mozilla.org	WARN	Loading extension 'screenshots@mozilla.org': Reading manifest: Invalid extension permission: mozillaAddons
1586881466852	addons.webextension.screenshots@mozilla.org	WARN	Loading extension 'screenshots@mozilla.org': Reading manifest: Invalid extension permission: telemetry
1586881466853	addons.webextension.screenshots@mozilla.org	WARN	Loading extension 'screenshots@mozilla.org': Reading manifest: Invalid extension permission: resource://pdf.js/
1586881466853	addons.webextension.screenshots@mozilla.org	WARN	Loading extension 'screenshots@mozilla.org': Reading manifest: Invalid extension permission: about:reader*
JavaScript error: undefined, line 14: Error: An unexpected error occurred
JavaScript error: moz-extension://2c064b50-5e92-4098-b312-e4ecd4c8c90f/lib/picture_in_picture_overrides.js, line 15: Error: Incorrect argument types for pictureInPictureParent.setOverrides.
JavaScript error: resource:///modules/sessionstore/SessionStore.jsm, line 1325: uncaught exception: 2147746065
1586881467998	Marionette	INFO	Listening on port 39491
1586881468046	Marionette	WARN	TLS certificate errors will be ignored for this session
JavaScript error: http://topcons.cbr.su.se/, line 263: TypeError: document.getElementById(...) is null
JavaScript error: http://topcons.cbr.su.se/, line 263: TypeError: document.getElementById(...) is null
JavaScript error: http://topcons.cbr.su.se/, line 263: TypeError: document.getElementById(...) is null
JavaScript error: http://topcons.cbr.su.se/, line 263: TypeError: document.getElementById(...) is null
JavaScript error: http://topcons.cbr.su.se/, line 263: TypeError: document.getElementById(...) is null
JavaScript error: http://topcons.cbr.su.se/, line 263: TypeError: document.getElementById(...) is null
JavaScript error: http://topcons.cbr.su.se/, line 263: TypeError: document.getElementById(...) is null
JavaScript error: http://topcons.cbr.su.se/pred/, line 81: SyntaxError: '#' not followed by identifier
JavaScript error: http://topcons.cbr.su.se/pred/result/rst_0f9_V2/, line 81: SyntaxError: '#' not followed by identifier
JavaScript error: http://topcons.cbr.su.se/pred/result/rst_0f9_V2/, line 81: SyntaxError: '#' not followed by identifier
JavaScript error: http://topcons.cbr.su.se/pred/result/rst_0f9_V2/, line 79: SyntaxError: '#' not followed by identifier
1586881725720	mozrunner::runner	INFO	Running command: "/usr/bin/firefox" "-marionette" "-headless" "-foreground" "-no-remote" "-profile" "/tmp/rust_mozprofile.HGNlkMtaIDbW"
*** You are running in headless mode.
1586881726025	addons.webextension.screenshots@mozilla.org	WARN	Loading extension 'screenshots@mozilla.org': Reading manifest: Invalid extension permission: mozillaAddons
1586881726025	addons.webextension.screenshots@mozilla.org	WARN	Loading extension 'screenshots@mozilla.org': Reading manifest: Invalid extension permission: telemetry
1586881726025	addons.webextension.screenshots@mozilla.org	WARN	Loading extension 'screenshots@mozilla.org': Reading manifest: Invalid extension permission: resource://pdf.js/
1586881726025	addons.webextension.screenshots@mozilla.org	WARN	Loading extension 'screenshots@mozilla.org': Reading manifest: Invalid extension permission: about:reader*
JavaScript error: undefined, line 14: Error: An unexpected error occurred
JavaScript error: moz-extension://6ff33117-31fe-4a42-bfe1-1b853fc9cd74/lib/picture_in_picture_overrides.js, line 15: Error: Incorrect argument types for pictureInPictureParent.setOverrides.
JavaScript error: resource:///modules/sessionstore/SessionStore.jsm, line 1325: uncaught exception: 2147746065
1586881727144	Marionette	INFO	Listening on port 38569
1586881727224	Marionette	WARN	TLS certificate errors will be ignored for this session
JavaScript error: http://topcons.cbr.su.se/, line 263: TypeError: document.getElementById(...) is null
JavaScript error: http://topcons.cbr.su.se/pred/, line 81: SyntaxError: '#' not followed by identifier
JavaScript error: http://topcons.cbr.su.se/pred/result/rst_HgPxtW/, line 81: SyntaxError: '#' not followed by identifier
JavaScript error: http://topcons.cbr.su.se/pred/result/rst_HgPxtW/, line 81: SyntaxError: '#' not followed by identifier
JavaScript error: http://topcons.cbr.su.se/pred/result/rst_HgPxtW/, line 81: SyntaxError: '#' not followed by identifier
JavaScript error: http://topcons.cbr.su.se/pred/result/rst_HgPxtW/, line 81: SyntaxError: '#' not followed by identifier
JavaScript error: http://topcons.cbr.su.se/pred/result/rst_HgPxtW/, line 79: SyntaxError: '#' not followed by identifier
1586888352970	mozrunner::runner	INFO	Running command: "/usr/bin/firefox" "-marionette" "-headless" "-foreground" "-no-remote" "-profile" "/tmp/rust_mozprofile.MOVqZ0nHxq5K"
*** You are running in headless mode.
1586888353279	addons.webextension.screenshots@mozilla.org	WARN	Loading extension 'screenshots@mozilla.org': Reading manifest: Invalid extension permission: mozillaAddons
1586888353279	addons.webextension.screenshots@mozilla.org	WARN	Loading extension 'screenshots@mozilla.org': Reading manifest: Invalid extension permission: telemetry
1586888353280	addons.webextension.screenshots@mozilla.org	WARN	Loading extension 'screenshots@mozilla.org': Reading manifest: Invalid extension permission: resource://pdf.js/
1586888353280	addons.webextension.screenshots@mozilla.org	WARN	Loading extension 'screenshots@mozilla.org': Reading manifest: Invalid extension permission: about:reader*
JavaScript error: undefined, line 14: Error: An unexpected error occurred
JavaScript error: moz-extension://51283da3-9e42-4727-9c12-9ce5687e4a81/lib/picture_in_picture_overrides.js, line 15: Error: Incorrect argument types for pictureInPictureParent.setOverrides.
JavaScript error: resource:///modules/sessionstore/SessionStore.jsm, line 1325: uncaught exception: 2147746065
1586888354340	Marionette	INFO	Listening on port 40487
1586888354374	Marionette	WARN	TLS certificate errors will be ignored for this session
JavaScript error: http://topcons.cbr.su.se/, line 263: TypeError: document.getElementById(...) is null
JavaScript error: http://topcons.cbr.su.se/pred/, line 81: SyntaxError: '#' not followed by identifier
JavaScript error: http://topcons.cbr.su.se/pred/result/rst_oa1_oI/, line 81: SyntaxError: '#' not followed by identifier
JavaScript error: http://topcons.cbr.su.se/pred/result/rst_oa1_oI/, line 81: SyntaxError: '#' not followed by identifier
JavaScript error: http://topcons.cbr.su.se/pred/result/rst_oa1_oI/, line 79: SyntaxError: '#' not followed by identifier
1586888768229	mozrunner::runner	INFO	Running command: "/usr/bin/firefox" "-marionette" "-headless" "-foreground" "-no-remote" "-profile" "/tmp/rust_mozprofile.5ClZSVvGSJgb"
*** You are running in headless mode.
1586888768547	addons.webextension.screenshots@mozilla.org	WARN	Loading extension 'screenshots@mozilla.org': Reading manifest: Invalid extension permission: mozillaAddons
1586888768547	addons.webextension.screenshots@mozilla.org	WARN	Loading extension 'screenshots@mozilla.org': Reading manifest: Invalid extension permission: telemetry
1586888768547	addons.webextension.screenshots@mozilla.org	WARN	Loading extension 'screenshots@mozilla.org': Reading manifest: Invalid extension permission: resource://pdf.js/
1586888768547	addons.webextension.screenshots@mozilla.org	WARN	Loading extension 'screenshots@mozilla.org': Reading manifest: Invalid extension permission: about:reader*
JavaScript error: undefined, line 14: Error: An unexpected error occurred
JavaScript error: moz-extension://5b731ca6-1f4e-4e3d-b258-dccb5b14625c/lib/picture_in_picture_overrides.js, line 15: Error: Incorrect argument types for pictureInPictureParent.setOverrides.
JavaScript error: resource:///modules/sessionstore/SessionStore.jsm, line 1325: uncaught exception: 2147746065
1586888769689	Marionette	INFO	Listening on port 45683
1586888769733	Marionette	WARN	TLS certificate errors will be ignored for this session
JavaScript error: http://topcons.cbr.su.se/, line 263: TypeError: document.getElementById(...) is null
JavaScript error: http://topcons.cbr.su.se/pred/, line 81: SyntaxError: '#' not followed by identifier
JavaScript error: http://topcons.cbr.su.se/pred/result/rst_UtzvwW/, line 81: SyntaxError: '#' not followed by identifier
JavaScript error: http://topcons.cbr.su.se/pred/result/rst_UtzvwW/, line 81: SyntaxError: '#' not followed by identifier
JavaScript error: http://topcons.cbr.su.se/pred/result/rst_UtzvwW/, line 81: SyntaxError: '#' not followed by identifier
JavaScript error: http://topcons.cbr.su.se/pred/result/rst_UtzvwW/, line 79: SyntaxError: '#' not followed by identifier
1586889601619	mozrunner::runner	INFO	Running command: "/usr/bin/firefox" "-marionette" "-headless" "-foreground" "-no-remote" "-profile" "/tmp/rust_mozprofile.5qRLR0N9GY0B"
*** You are running in headless mode.
1586889602222	addons.webextension.screenshots@mozilla.org	WARN	Loading extension 'screenshots@mozilla.org': Reading manifest: Invalid extension permission: mozillaAddons
1586889602222	addons.webextension.screenshots@mozilla.org	WARN	Loading extension 'screenshots@mozilla.org': Reading manifest: Invalid extension permission: telemetry
1586889602222	addons.webextension.screenshots@mozilla.org	WARN	Loading extension 'screenshots@mozilla.org': Reading manifest: Invalid extension permission: resource://pdf.js/
1586889602222	addons.webextension.screenshots@mozilla.org	WARN	Loading extension 'screenshots@mozilla.org': Reading manifest: Invalid extension permission: about:reader*
JavaScript error: undefined, line 14: Error: An unexpected error occurred
JavaScript error: moz-extension://5b4805db-54f1-40f3-85c0-cc7541d7093c/lib/picture_in_picture_overrides.js, line 15: Error: Incorrect argument types for pictureInPictureParent.setOverrides.
JavaScript error: resource:///modules/sessionstore/SessionStore.jsm, line 1325: uncaught exception: 2147746065
1586889603528	Marionette	INFO	Listening on port 34187
1586889603533	Marionette	WARN	TLS certificate errors will be ignored for this session
JavaScript error: http://topcons.cbr.su.se/, line 263: TypeError: document.getElementById(...) is null
1586889611525	mozrunner::runner	INFO	Running command: "/usr/bin/firefox" "-marionette" "-headless" "-foreground" "-no-remote" "-profile" "/tmp/rust_mozprofile.IS2KDUk6so5i"
*** You are running in headless mode.
1586889611834	addons.webextension.screenshots@mozilla.org	WARN	Loading extension 'screenshots@mozilla.org': Reading manifest: Invalid extension permission: mozillaAddons
1586889611834	addons.webextension.screenshots@mozilla.org	WARN	Loading extension 'screenshots@mozilla.org': Reading manifest: Invalid extension permission: telemetry
1586889611834	addons.webextension.screenshots@mozilla.org	WARN	Loading extension 'screenshots@mozilla.org': Reading manifest: Invalid extension permission: resource://pdf.js/
1586889611834	addons.webextension.screenshots@mozilla.org	WARN	Loading extension 'screenshots@mozilla.org': Reading manifest: Invalid extension permission: about:reader*
JavaScript error: undefined, line 14: Error: An unexpected error occurred
JavaScript error: moz-extension://9b8d126e-67b3-4c82-8526-3f4098b10a1c/lib/picture_in_picture_overrides.js, line 15: Error: Incorrect argument types for pictureInPictureParent.setOverrides.
JavaScript error: resource:///modules/sessionstore/SessionStore.jsm, line 1325: uncaught exception: 2147746065
1586889612949	Marionette	INFO	Listening on port 43641
1586889613030	Marionette	WARN	TLS certificate errors will be ignored for this session
JavaScript error: http://topcons.cbr.su.se/, line 263: TypeError: document.getElementById(...) is null
JavaScript error: http://topcons.cbr.su.se/, line 263: TypeError: document.getElementById(...) is null
JavaScript error: http://topcons.cbr.su.se/pred/, line 81: SyntaxError: '#' not followed by identifier
JavaScript error: http://topcons.cbr.su.se/pred/result/rst_4kWLkz/, line 81: SyntaxError: '#' not followed by identifier
JavaScript error: http://topcons.cbr.su.se/pred/result/rst_4kWLkz/, line 81: SyntaxError: '#' not followed by identifier
JavaScript error: http://topcons.cbr.su.se/, line 263: TypeError: document.getElementById(...) is null
JavaScript error: http://topcons.cbr.su.se/pred/, line 81: SyntaxError: '#' not followed by identifier
JavaScript error: http://topcons.cbr.su.se/pred/result/rst_4kWLkz/, line 79: SyntaxError: '#' not followed by identifier
JavaScript error: http://topcons.cbr.su.se/pred/result/rst_Zf3lBC/, line 81: SyntaxError: '#' not followed by identifier
JavaScript error: http://topcons.cbr.su.se/pred/result/rst_Zf3lBC/, line 81: SyntaxError: '#' not followed by identifier
JavaScript error: http://topcons.cbr.su.se/pred/result/rst_Zf3lBC/, line 81: SyntaxError: '#' not followed by identifier
JavaScript error: http://topcons.cbr.su.se/pred/result/rst_Zf3lBC/, line 81: SyntaxError: '#' not followed by identifier
JavaScript error: http://topcons.cbr.su.se/pred/result/rst_Zf3lBC/, line 79: SyntaxError: '#' not followed by identifier
1586890483503	mozrunner::runner	INFO	Running command: "/usr/bin/firefox" "-marionette" "-headless" "-foreground" "-no-remote" "-profile" "/tmp/rust_mozprofile.6iu80o3AldRC"
*** You are running in headless mode.
1586890483863	addons.webextension.screenshots@mozilla.org	WARN	Loading extension 'screenshots@mozilla.org': Reading manifest: Invalid extension permission: mozillaAddons
1586890483863	addons.webextension.screenshots@mozilla.org	WARN	Loading extension 'screenshots@mozilla.org': Reading manifest: Invalid extension permission: telemetry
1586890483863	addons.webextension.screenshots@mozilla.org	WARN	Loading extension 'screenshots@mozilla.org': Reading manifest: Invalid extension permission: resource://pdf.js/
1586890483863	addons.webextension.screenshots@mozilla.org	WARN	Loading extension 'screenshots@mozilla.org': Reading manifest: Invalid extension permission: about:reader*
JavaScript error: undefined, line 14: Error: An unexpected error occurred
JavaScript error: moz-extension://6430ed01-a508-4dca-b2b6-9d018726729b/lib/picture_in_picture_overrides.js, line 15: Error: Incorrect argument types for pictureInPictureParent.setOverrides.
JavaScript error: resource:///modules/sessionstore/SessionStore.jsm, line 1325: uncaught exception: 2147746065
1586890484996	Marionette	INFO	Listening on port 40407
1586890485049	Marionette	WARN	TLS certificate errors will be ignored for this session
JavaScript error: http://topcons.cbr.su.se/, line 263: TypeError: document.getElementById(...) is null
JavaScript error: http://topcons.cbr.su.se/pred/, line 81: SyntaxError: '#' not followed by identifier
JavaScript error: http://topcons.cbr.su.se/pred/result/rst_M6ZDKl/, line 81: SyntaxError: '#' not followed by identifier
JavaScript error: http://topcons.cbr.su.se/pred/result/rst_M6ZDKl/, line 81: SyntaxError: '#' not followed by identifier
JavaScript error: http://topcons.cbr.su.se/pred/result/rst_M6ZDKl/, line 81: SyntaxError: '#' not followed by identifier
JavaScript error: http://topcons.cbr.su.se/pred/result/rst_M6ZDKl/, line 81: SyntaxError: '#' not followed by identifier
JavaScript error: http://topcons.cbr.su.se/pred/result/rst_M6ZDKl/, line 81: SyntaxError: '#' not followed by identifier
JavaScript error: http://topcons.cbr.su.se/pred/result/rst_M6ZDKl/, line 79: SyntaxError: '#' not followed by identifier
1586891359954	mozrunner::runner	INFO	Running command: "/usr/bin/firefox" "-marionette" "-headless" "-foreground" "-no-remote" "-profile" "/tmp/rust_mozprofile.MUHfDCB3CyN2"
*** You are running in headless mode.
1586891360264	addons.webextension.screenshots@mozilla.org	WARN	Loading extension 'screenshots@mozilla.org': Reading manifest: Invalid extension permission: mozillaAddons
1586891360264	addons.webextension.screenshots@mozilla.org	WARN	Loading extension 'screenshots@mozilla.org': Reading manifest: Invalid extension permission: telemetry
1586891360264	addons.webextension.screenshots@mozilla.org	WARN	Loading extension 'screenshots@mozilla.org': Reading manifest: Invalid extension permission: resource://pdf.js/
1586891360264	addons.webextension.screenshots@mozilla.org	WARN	Loading extension 'screenshots@mozilla.org': Reading manifest: Invalid extension permission: about:reader*
JavaScript error: undefined, line 14: Error: An unexpected error occurred
JavaScript error: moz-extension://99a47c06-3bc2-4669-a340-637501112e39/lib/picture_in_picture_overrides.js, line 15: Error: Incorrect argument types for pictureInPictureParent.setOverrides.
JavaScript error: resource:///modules/sessionstore/SessionStore.jsm, line 1325: uncaught exception: 2147746065
1586891361322	Marionette	INFO	Listening on port 43011
1586891361358	Marionette	WARN	TLS certificate errors will be ignored for this session
JavaScript error: http://topcons.cbr.su.se/, line 263: TypeError: document.getElementById(...) is null
JavaScript error: http://topcons.cbr.su.se/pred/, line 81: SyntaxError: '#' not followed by identifier
JavaScript error: http://topcons.cbr.su.se/pred/result/rst_UM170L/, line 81: SyntaxError: '#' not followed by identifier
JavaScript error: http://topcons.cbr.su.se/pred/result/rst_UM170L/, line 81: SyntaxError: '#' not followed by identifier
JavaScript error: http://topcons.cbr.su.se/pred/result/rst_UM170L/, line 81: SyntaxError: '#' not followed by identifier
JavaScript error: http://topcons.cbr.su.se/pred/result/rst_UM170L/, line 79: SyntaxError: '#' not followed by identifier
1586891438479	mozrunner::runner	INFO	Running command: "/usr/bin/firefox" "-marionette" "-headless" "-foreground" "-no-remote" "-profile" "/tmp/rust_mozprofile.rtdEckdWIt0N"
*** You are running in headless mode.
1586891438790	addons.webextension.screenshots@mozilla.org	WARN	Loading extension 'screenshots@mozilla.org': Reading manifest: Invalid extension permission: mozillaAddons
1586891438790	addons.webextension.screenshots@mozilla.org	WARN	Loading extension 'screenshots@mozilla.org': Reading manifest: Invalid extension permission: telemetry
1586891438790	addons.webextension.screenshots@mozilla.org	WARN	Loading extension 'screenshots@mozilla.org': Reading manifest: Invalid extension permission: resource://pdf.js/
1586891438790	addons.webextension.screenshots@mozilla.org	WARN	Loading extension 'screenshots@mozilla.org': Reading manifest: Invalid extension permission: about:reader*
JavaScript error: undefined, line 14: Error: An unexpected error occurred
JavaScript error: moz-extension://b1a656e0-cff9-4b8a-abad-1c77cf87cf9f/lib/picture_in_picture_overrides.js, line 15: Error: Incorrect argument types for pictureInPictureParent.setOverrides.
JavaScript error: resource:///modules/sessionstore/SessionStore.jsm, line 1325: uncaught exception: 2147746065
1586891439861	Marionette	INFO	Listening on port 33847
1586891439884	Marionette	WARN	TLS certificate errors will be ignored for this session
JavaScript error: http://topcons.cbr.su.se/, line 263: TypeError: document.getElementById(...) is null
JavaScript error: http://topcons.cbr.su.se/, line 263: TypeError: document.getElementById(...) is null
JavaScript error: http://topcons.cbr.su.se/, line 263: TypeError: document.getElementById(...) is null
JavaScript error: http://topcons.cbr.su.se/, line 263: TypeError: document.getElementById(...) is null
JavaScript error: http://topcons.cbr.su.se/, line 263: TypeError: document.getElementById(...) is null
JavaScript error: http://topcons.cbr.su.se/, line 263: TypeError: document.getElementById(...) is null
JavaScript error: http://topcons.cbr.su.se/, line 263: TypeError: document.getElementById(...) is null
JavaScript error: http://topcons.cbr.su.se/, line 263: TypeError: document.getElementById(...) is null
JavaScript error: http://topcons.cbr.su.se/, line 263: TypeError: document.getElementById(...) is null
JavaScript error: http://topcons.cbr.su.se/, line 263: TypeError: document.getElementById(...) is null
JavaScript error: http://topcons.cbr.su.se/, line 263: TypeError: document.getElementById(...) is null
JavaScript error: http://topcons.cbr.su.se/, line 263: TypeError: document.getElementById(...) is null
JavaScript error: http://topcons.cbr.su.se/, line 263: TypeError: document.getElementById(...) is null
JavaScript error: http://topcons.cbr.su.se/, line 263: TypeError: document.getElementById(...) is null
JavaScript error: http://topcons.cbr.su.se/, line 263: TypeError: document.getElementById(...) is null
JavaScript error: http://topcons.cbr.su.se/pred/, line 81: SyntaxError: '#' not followed by identifier
JavaScript error: http://topcons.cbr.su.se/pred/result/rst_rIqX7l/, line 81: SyntaxError: '#' not followed by identifier
JavaScript error: http://topcons.cbr.su.se/pred/result/rst_rIqX7l/, line 81: SyntaxError: '#' not followed by identifier
JavaScript error: http://topcons.cbr.su.se/pred/result/rst_rIqX7l/, line 81: SyntaxError: '#' not followed by identifier
JavaScript error: http://topcons.cbr.su.se/pred/result/rst_rIqX7l/, line 79: SyntaxError: '#' not followed by identifier
1586891618444	mozrunner::runner	INFO	Running command: "/usr/bin/firefox" "-marionette" "-headless" "-foreground" "-no-remote" "-profile" "/tmp/rust_mozprofile.u3ikSY0hM4HS"
*** You are running in headless mode.
1586891618757	addons.webextension.screenshots@mozilla.org	WARN	Loading extension 'screenshots@mozilla.org': Reading manifest: Invalid extension permission: mozillaAddons
1586891618758	addons.webextension.screenshots@mozilla.org	WARN	Loading extension 'screenshots@mozilla.org': Reading manifest: Invalid extension permission: telemetry
1586891618758	addons.webextension.screenshots@mozilla.org	WARN	Loading extension 'screenshots@mozilla.org': Reading manifest: Invalid extension permission: resource://pdf.js/
1586891618758	addons.webextension.screenshots@mozilla.org	WARN	Loading extension 'screenshots@mozilla.org': Reading manifest: Invalid extension permission: about:reader*
JavaScript error: undefined, line 14: Error: An unexpected error occurred
JavaScript error: moz-extension://3311ecd8-4abc-4ca9-a44b-2f8fe1c8f20b/lib/picture_in_picture_overrides.js, line 15: Error: Incorrect argument types for pictureInPictureParent.setOverrides.
JavaScript error: resource:///modules/sessionstore/SessionStore.jsm, line 1325: uncaught exception: 2147746065
1586891619878	Marionette	INFO	Listening on port 38291
1586891619948	Marionette	WARN	TLS certificate errors will be ignored for this session
JavaScript error: http://topcons.cbr.su.se/, line 263: TypeError: document.getElementById(...) is null
JavaScript error: http://topcons.cbr.su.se/pred/, line 81: SyntaxError: '#' not followed by identifier
JavaScript error: http://topcons.cbr.su.se/pred/result/rst_6_1JEL/, line 81: SyntaxError: '#' not followed by identifier
JavaScript error: http://topcons.cbr.su.se/pred/result/rst_6_1JEL/, line 81: SyntaxError: '#' not followed by identifier
JavaScript error: http://topcons.cbr.su.se/pred/result/rst_6_1JEL/, line 79: SyntaxError: '#' not followed by identifier
1586891782311	mozrunner::runner	INFO	Running command: "/usr/bin/firefox" "-marionette" "-headless" "-foreground" "-no-remote" "-profile" "/tmp/rust_mozprofile.xIMREMkRYSC0"
*** You are running in headless mode.
1586891782627	addons.webextension.screenshots@mozilla.org	WARN	Loading extension 'screenshots@mozilla.org': Reading manifest: Invalid extension permission: mozillaAddons
1586891782627	addons.webextension.screenshots@mozilla.org	WARN	Loading extension 'screenshots@mozilla.org': Reading manifest: Invalid extension permission: telemetry
1586891782627	addons.webextension.screenshots@mozilla.org	WARN	Loading extension 'screenshots@mozilla.org': Reading manifest: Invalid extension permission: resource://pdf.js/
1586891782627	addons.webextension.screenshots@mozilla.org	WARN	Loading extension 'screenshots@mozilla.org': Reading manifest: Invalid extension permission: about:reader*
JavaScript error: undefined, line 14: Error: An unexpected error occurred
JavaScript error: moz-extension://9bfeaa0b-3b24-479c-8941-22155f5301d2/lib/picture_in_picture_overrides.js, line 15: Error: Incorrect argument types for pictureInPictureParent.setOverrides.
JavaScript error: resource:///modules/sessionstore/SessionStore.jsm, line 1325: uncaught exception: 2147746065
1586891783676	Marionette	INFO	Listening on port 38955
1586891783715	Marionette	WARN	TLS certificate errors will be ignored for this session
JavaScript error: http://topcons.cbr.su.se/, line 263: TypeError: document.getElementById(...) is null
JavaScript error: http://topcons.cbr.su.se/pred/, line 81: SyntaxError: '#' not followed by identifier
JavaScript error: http://topcons.cbr.su.se/pred/result/rst_3u6si9/, line 81: SyntaxError: '#' not followed by identifier
JavaScript error: http://topcons.cbr.su.se/pred/result/rst_3u6si9/, line 81: SyntaxError: '#' not followed by identifier
JavaScript error: http://topcons.cbr.su.se/pred/result/rst_3u6si9/, line 81: SyntaxError: '#' not followed by identifier
JavaScript error: http://topcons.cbr.su.se/pred/result/rst_3u6si9/, line 81: SyntaxError: '#' not followed by identifier
JavaScript error: http://topcons.cbr.su.se/pred/result/rst_3u6si9/, line 81: SyntaxError: '#' not followed by identifier
JavaScript error: http://topcons.cbr.su.se/pred/result/rst_3u6si9/, line 79: SyntaxError: '#' not followed by identifier
1586892457034	mozrunner::runner	INFO	Running command: "/usr/bin/firefox" "-marionette" "-headless" "-foreground" "-no-remote" "-profile" "/tmp/rust_mozprofile.yYVGyuDtrcxg"
*** You are running in headless mode.
1586892457345	addons.webextension.screenshots@mozilla.org	WARN	Loading extension 'screenshots@mozilla.org': Reading manifest: Invalid extension permission: mozillaAddons
1586892457346	addons.webextension.screenshots@mozilla.org	WARN	Loading extension 'screenshots@mozilla.org': Reading manifest: Invalid extension permission: telemetry
1586892457346	addons.webextension.screenshots@mozilla.org	WARN	Loading extension 'screenshots@mozilla.org': Reading manifest: Invalid extension permission: resource://pdf.js/
1586892457346	addons.webextension.screenshots@mozilla.org	WARN	Loading extension 'screenshots@mozilla.org': Reading manifest: Invalid extension permission: about:reader*
JavaScript error: undefined, line 14: Error: An unexpected error occurred
JavaScript error: moz-extension://dc4c14a8-ccae-48c0-a064-2ea662bac3a2/lib/picture_in_picture_overrides.js, line 15: Error: Incorrect argument types for pictureInPictureParent.setOverrides.
JavaScript error: resource:///modules/sessionstore/SessionStore.jsm, line 1325: uncaught exception: 2147746065
1586892458407	Marionette	INFO	Listening on port 32873
1586892458438	Marionette	WARN	TLS certificate errors will be ignored for this session
JavaScript error: http://topcons.cbr.su.se/, line 263: TypeError: document.getElementById(...) is null
JavaScript error: http://topcons.cbr.su.se/pred/, line 81: SyntaxError: '#' not followed by identifier
JavaScript error: http://topcons.cbr.su.se/pred/result/rst_YTiTP2/, line 81: SyntaxError: '#' not followed by identifier
JavaScript error: http://topcons.cbr.su.se/pred/result/rst_YTiTP2/, line 79: SyntaxError: '#' not followed by identifier
1586892790780	mozrunner::runner	INFO	Running command: "/usr/bin/firefox" "-marionette" "-headless" "-foreground" "-no-remote" "-profile" "/tmp/rust_mozprofile.MwiyV58zR4if"
*** You are running in headless mode.
1586892791086	addons.webextension.screenshots@mozilla.org	WARN	Loading extension 'screenshots@mozilla.org': Reading manifest: Invalid extension permission: mozillaAddons
1586892791086	addons.webextension.screenshots@mozilla.org	WARN	Loading extension 'screenshots@mozilla.org': Reading manifest: Invalid extension permission: telemetry
1586892791086	addons.webextension.screenshots@mozilla.org	WARN	Loading extension 'screenshots@mozilla.org': Reading manifest: Invalid extension permission: resource://pdf.js/
1586892791086	addons.webextension.screenshots@mozilla.org	WARN	Loading extension 'screenshots@mozilla.org': Reading manifest: Invalid extension permission: about:reader*
JavaScript error: undefined, line 14: Error: An unexpected error occurred
JavaScript error: moz-extension://d0452674-1b85-4c11-b49a-f77eb584229b/lib/picture_in_picture_overrides.js, line 15: Error: Incorrect argument types for pictureInPictureParent.setOverrides.
JavaScript error: resource:///modules/sessionstore/SessionStore.jsm, line 1325: uncaught exception: 2147746065
1586892792159	Marionette	INFO	Listening on port 34169
1586892792184	Marionette	WARN	TLS certificate errors will be ignored for this session
JavaScript error: http://topcons.cbr.su.se/, line 263: TypeError: document.getElementById(...) is null
JavaScript error: http://topcons.cbr.su.se/, line 263: TypeError: document.getElementById(...) is null
JavaScript error: http://topcons.cbr.su.se/, line 263: TypeError: document.getElementById(...) is null
JavaScript error: http://topcons.cbr.su.se/, line 263: TypeError: document.getElementById(...) is null
JavaScript error: http://topcons.cbr.su.se/, line 263: TypeError: document.getElementById(...) is null
JavaScript error: http://topcons.cbr.su.se/, line 263: TypeError: document.getElementById(...) is null
JavaScript error: http://topcons.cbr.su.se/pred/, line 81: SyntaxError: '#' not followed by identifier
JavaScript error: http://topcons.cbr.su.se/pred/result/rst_v2DatE/, line 81: SyntaxError: '#' not followed by identifier
JavaScript error: http://topcons.cbr.su.se/pred/result/rst_v2DatE/, line 81: SyntaxError: '#' not followed by identifier
JavaScript error: http://topcons.cbr.su.se/pred/result/rst_v2DatE/, line 79: SyntaxError: '#' not followed by identifier
1586955110741	mozrunner::runner	INFO	Running command: "/usr/bin/firefox" "-marionette" "-headless" "-foreground" "-no-remote" "-profile" "/tmp/rust_mozprofile.r9eJWT4vG37u"
*** You are running in headless mode.
1586955111318	addons.webextension.screenshots@mozilla.org	WARN	Loading extension 'screenshots@mozilla.org': Reading manifest: Invalid extension permission: mozillaAddons
1586955111318	addons.webextension.screenshots@mozilla.org	WARN	Loading extension 'screenshots@mozilla.org': Reading manifest: Invalid extension permission: telemetry
1586955111319	addons.webextension.screenshots@mozilla.org	WARN	Loading extension 'screenshots@mozilla.org': Reading manifest: Invalid extension permission: resource://pdf.js/
1586955111319	addons.webextension.screenshots@mozilla.org	WARN	Loading extension 'screenshots@mozilla.org': Reading manifest: Invalid extension permission: about:reader*
JavaScript error: undefined, line 14: Error: An unexpected error occurred
JavaScript error: moz-extension://b4bd648e-4350-4b88-831b-b4ba01eda8e9/lib/picture_in_picture_overrides.js, line 15: Error: Incorrect argument types for pictureInPictureParent.setOverrides.
JavaScript error: resource:///modules/sessionstore/SessionStore.jsm, line 1325: uncaught exception: 2147746065
1586955114989	Marionette	INFO	Listening on port 41733
1586955115084	Marionette	WARN	TLS certificate errors will be ignored for this session
JavaScript error: http://topcons.cbr.su.se/, line 263: TypeError: document.getElementById(...) is null
JavaScript error: http://topcons.cbr.su.se/pred/, line 81: SyntaxError: '#' not followed by identifier
JavaScript error: http://topcons.cbr.su.se/pred/result/rst_mjTNsz/, line 81: SyntaxError: '#' not followed by identifier
JavaScript error: http://topcons.cbr.su.se/pred/result/rst_mjTNsz/, line 81: SyntaxError: '#' not followed by identifier
JavaScript error: http://topcons.cbr.su.se/pred/result/rst_mjTNsz/, line 79: SyntaxError: '#' not followed by identifier
1586964008258	mozrunner::runner	INFO	Running command: "/usr/bin/firefox" "-marionette" "-headless" "-foreground" "-no-remote" "-profile" "/tmp/rust_mozprofile.LyZxCFZuPG4m"
*** You are running in headless mode.
1586964008857	addons.webextension.screenshots@mozilla.org	WARN	Loading extension 'screenshots@mozilla.org': Reading manifest: Invalid extension permission: mozillaAddons
1586964008858	addons.webextension.screenshots@mozilla.org	WARN	Loading extension 'screenshots@mozilla.org': Reading manifest: Invalid extension permission: telemetry
1586964008858	addons.webextension.screenshots@mozilla.org	WARN	Loading extension 'screenshots@mozilla.org': Reading manifest: Invalid extension permission: resource://pdf.js/
1586964008858	addons.webextension.screenshots@mozilla.org	WARN	Loading extension 'screenshots@mozilla.org': Reading manifest: Invalid extension permission: about:reader*
JavaScript error: undefined, line 14: Error: An unexpected error occurred
JavaScript error: moz-extension://5527041a-bdc9-44ec-80df-89958dc5ac6c/lib/picture_in_picture_overrides.js, line 15: Error: Incorrect argument types for pictureInPictureParent.setOverrides.
JavaScript error: resource:///modules/sessionstore/SessionStore.jsm, line 1325: uncaught exception: 2147746065
1586964010369	Marionette	INFO	Listening on port 40477
1586964010470	Marionette	WARN	TLS certificate errors will be ignored for this session
JavaScript error: http://topcons.cbr.su.se/, line 263: TypeError: document.getElementById(...) is null
JavaScript error: http://topcons.cbr.su.se/pred/, line 81: SyntaxError: '#' not followed by identifier
JavaScript error: http://topcons.cbr.su.se/pred/result/rst_I0Os7b/, line 81: SyntaxError: '#' not followed by identifier
JavaScript error: http://topcons.cbr.su.se/pred/result/rst_I0Os7b/, line 81: SyntaxError: '#' not followed by identifier
JavaScript error: http://topcons.cbr.su.se/pred/result/rst_I0Os7b/, line 79: SyntaxError: '#' not followed by identifier
1587720381680	mozrunner::runner	INFO	Running command: "/usr/bin/firefox" "-marionette" "-headless" "-foreground" "-no-remote" "-profile" "/tmp/rust_mozprofile.Rakl2OMiukn0"
*** You are running in headless mode.
1587720382116	addons.webextension.screenshots@mozilla.org	WARN	Loading extension 'screenshots@mozilla.org': Reading manifest: Invalid extension permission: mozillaAddons
1587720382116	addons.webextension.screenshots@mozilla.org	WARN	Loading extension 'screenshots@mozilla.org': Reading manifest: Invalid extension permission: telemetry
1587720382116	addons.webextension.screenshots@mozilla.org	WARN	Loading extension 'screenshots@mozilla.org': Reading manifest: Invalid extension permission: resource://pdf.js/
1587720382116	addons.webextension.screenshots@mozilla.org	WARN	Loading extension 'screenshots@mozilla.org': Reading manifest: Invalid extension permission: about:reader*
JavaScript error: undefined, line 14: Error: An unexpected error occurred
JavaScript error: moz-extension://36a264b1-0938-4105-9358-c7e9128bf0e7/lib/picture_in_picture_overrides.js, line 15: Error: Incorrect argument types for pictureInPictureParent.setOverrides.
JavaScript error: resource:///modules/sessionstore/SessionStore.jsm, line 1325: uncaught exception: 2147746065
1587720383478	Marionette	INFO	Listening on port 36985
1587720383508	Marionette	WARN	TLS certificate errors will be ignored for this session
JavaScript error: http://topcons.cbr.su.se/, line 263: TypeError: document.getElementById(...) is null
JavaScript error: http://topcons.cbr.su.se/, line 22: TypeError: $(...).dataTable is not a function
JavaScript error: http://topcons.cbr.su.se/, line 263: TypeError: document.getElementById(...) is null
1587722885331	mozrunner::runner	INFO	Running command: "/usr/bin/firefox" "-marionette" "-headless" "-foreground" "-no-remote" "-profile" "/tmp/rust_mozprofile.n3AdPZvtEviE"
*** You are running in headless mode.
1587722885814	addons.webextension.screenshots@mozilla.org	WARN	Loading extension 'screenshots@mozilla.org': Reading manifest: Invalid extension permission: mozillaAddons
1587722885814	addons.webextension.screenshots@mozilla.org	WARN	Loading extension 'screenshots@mozilla.org': Reading manifest: Invalid extension permission: telemetry
1587722885815	addons.webextension.screenshots@mozilla.org	WARN	Loading extension 'screenshots@mozilla.org': Reading manifest: Invalid extension permission: resource://pdf.js/
1587722885815	addons.webextension.screenshots@mozilla.org	WARN	Loading extension 'screenshots@mozilla.org': Reading manifest: Invalid extension permission: about:reader*
JavaScript error: undefined, line 14: Error: An unexpected error occurred
JavaScript error: moz-extension://9e7f77f3-69ac-4087-92db-b53b73a42330/lib/picture_in_picture_overrides.js, line 15: Error: Incorrect argument types for pictureInPictureParent.setOverrides.
JavaScript error: resource:///modules/sessionstore/SessionStore.jsm, line 1325: uncaught exception: 2147746065
1587722887262	Marionette	INFO	Listening on port 38669
1587722887354	Marionette	WARN	TLS certificate errors will be ignored for this session

(/usr/lib/firefox-esr/firefox-esr:392): dconf-CRITICAL **: 15:38:08.585: unable to create directory '/root/.cache/dconf': Permission denied.  dconf will not work properly.

(/usr/lib/firefox-esr/firefox-esr:392): dconf-CRITICAL **: 15:38:08.585: unable to create directory '/root/.cache/dconf': Permission denied.  dconf will not work properly.

(/usr/lib/firefox-esr/firefox-esr:392): dconf-CRITICAL **: 15:38:08.587: unable to create directory '/root/.cache/dconf': Permission denied.  dconf will not work properly.
JavaScript error: http://topcons.cbr.su.se/static/js/jquery.dataTables.min.js, line 158: ReferenceError: jQuery is not defined
JavaScript error: http://topcons.cbr.su.se/, line 21: ReferenceError: $ is not defined
JavaScript error: http://topcons.cbr.su.se/, line 263: TypeError: document.getElementById(...) is null
1587722924256	mozrunner::runner	INFO	Running command: "/usr/bin/firefox" "-marionette" "-headless" "-foreground" "-no-remote" "-profile" "/tmp/rust_mozprofile.P0JZFlczLfio"
*** You are running in headless mode.
1587722924641	addons.webextension.screenshots@mozilla.org	WARN	Loading extension 'screenshots@mozilla.org': Reading manifest: Invalid extension permission: mozillaAddons
1587722924641	addons.webextension.screenshots@mozilla.org	WARN	Loading extension 'screenshots@mozilla.org': Reading manifest: Invalid extension permission: telemetry
1587722924642	addons.webextension.screenshots@mozilla.org	WARN	Loading extension 'screenshots@mozilla.org': Reading manifest: Invalid extension permission: resource://pdf.js/
1587722924642	addons.webextension.screenshots@mozilla.org	WARN	Loading extension 'screenshots@mozilla.org': Reading manifest: Invalid extension permission: about:reader*
JavaScript error: undefined, line 14: Error: An unexpected error occurred
JavaScript error: moz-extension://cf078998-bb57-4290-a644-8ea029843f18/lib/picture_in_picture_overrides.js, line 15: Error: Incorrect argument types for pictureInPictureParent.setOverrides.
JavaScript error: resource:///modules/sessionstore/SessionStore.jsm, line 1325: uncaught exception: 2147746065
1587722926292	Marionette	INFO	Listening on port 40813
1587722926363	Marionette	WARN	TLS certificate errors will be ignored for this session
JavaScript error: http://topcons.cbr.su.se/, line 263: TypeError: document.getElementById(...) is null
1587723083958	mozrunner::runner	INFO	Running command: "/usr/bin/firefox" "-marionette" "-headless" "-foreground" "-no-remote" "-profile" "/tmp/rust_mozprofile.AU3k9nGZXrPv"
*** You are running in headless mode.
1587723084381	addons.webextension.screenshots@mozilla.org	WARN	Loading extension 'screenshots@mozilla.org': Reading manifest: Invalid extension permission: mozillaAddons
1587723084381	addons.webextension.screenshots@mozilla.org	WARN	Loading extension 'screenshots@mozilla.org': Reading manifest: Invalid extension permission: telemetry
1587723084382	addons.webextension.screenshots@mozilla.org	WARN	Loading extension 'screenshots@mozilla.org': Reading manifest: Invalid extension permission: resource://pdf.js/
1587723084382	addons.webextension.screenshots@mozilla.org	WARN	Loading extension 'screenshots@mozilla.org': Reading manifest: Invalid extension permission: about:reader*
JavaScript error: undefined, line 14: Error: An unexpected error occurred
JavaScript error: moz-extension://ad6bb5ef-5d9a-41e8-887b-6ededc4b0262/lib/picture_in_picture_overrides.js, line 15: Error: Incorrect argument types for pictureInPictureParent.setOverrides.
JavaScript error: resource:///modules/sessionstore/SessionStore.jsm, line 1325: uncaught exception: 2147746065
1587723086016	Marionette	INFO	Listening on port 45493
1587723086088	Marionette	WARN	TLS certificate errors will be ignored for this session
JavaScript error: http://topcons.cbr.su.se/, line 263: TypeError: document.getElementById(...) is null
1587738087171	mozrunner::runner	INFO	Running command: "/usr/bin/firefox" "-marionette" "-headless" "-foreground" "-no-remote" "-profile" "/tmp/rust_mozprofile.T3BPOYfYiqml"
*** You are running in headless mode.
1587738087743	addons.webextension.screenshots@mozilla.org	WARN	Loading extension 'screenshots@mozilla.org': Reading manifest: Invalid extension permission: mozillaAddons
1587738087744	addons.webextension.screenshots@mozilla.org	WARN	Loading extension 'screenshots@mozilla.org': Reading manifest: Invalid extension permission: telemetry
1587738087744	addons.webextension.screenshots@mozilla.org	WARN	Loading extension 'screenshots@mozilla.org': Reading manifest: Invalid extension permission: resource://pdf.js/
1587738087744	addons.webextension.screenshots@mozilla.org	WARN	Loading extension 'screenshots@mozilla.org': Reading manifest: Invalid extension permission: about:reader*
JavaScript error: undefined, line 14: Error: An unexpected error occurred
JavaScript error: moz-extension://421627b5-8f1f-4539-a04b-c350abc2a104/lib/picture_in_picture_overrides.js, line 15: Error: Incorrect argument types for pictureInPictureParent.setOverrides.
JavaScript error: resource:///modules/sessionstore/SessionStore.jsm, line 1325: uncaught exception: 2147746065
1587738089272	Marionette	INFO	Listening on port 39975
1587738089296	Marionette	WARN	TLS certificate errors will be ignored for this session
JavaScript error: http://topcons.cbr.su.se/, line 21: ReferenceError: $ is not defined
JavaScript error: http://topcons.cbr.su.se/, line 263: TypeError: document.getElementById(...) is null
